<?xml version="1.0" encoding="UTF-8"?>
<testsuite name="org.rdfhdt.hdt.util.crc.CRCStreamTest" tests="3" skipped="0" failures="0" errors="0" timestamp="2017-03-24T07:53:41" hostname="ssb13006" time="0.164">
  <properties/>
  <testcase name="testCRC16" classname="org.rdfhdt.hdt.util.crc.CRCStreamTest" time="0.055"/>
  <testcase name="testCRC32" classname="org.rdfhdt.hdt.util.crc.CRCStreamTest" time="0.054"/>
  <testcase name="testCRC8" classname="org.rdfhdt.hdt.util.crc.CRCStreamTest" time="0.055"/>
  <system-out><![CDATA[]]></system-out>
  <system-err><![CDATA[]]></system-err>
</testsuite>
