<?xml version="1.0" encoding="UTF-8"?>
<testsuite name="org.rdfhdt.hdt.compact.array.LongArrayTest" tests="10" skipped="0" failures="0" errors="0" timestamp="2017-03-24T07:53:40" hostname="ssb13006" time="0.396">
  <properties/>
  <testcase name="testGetNumberOfElements" classname="org.rdfhdt.hdt.compact.array.LongArrayTest" time="0.002"/>
  <testcase name="testLoadSave" classname="org.rdfhdt.hdt.compact.array.LongArrayTest" time="0.008"/>
  <testcase name="testGet" classname="org.rdfhdt.hdt.compact.array.LongArrayTest" time="0.005"/>
  <testcase name="testSet" classname="org.rdfhdt.hdt.compact.array.LongArrayTest" time="0.05"/>
  <testcase name="testArraysEqual" classname="org.rdfhdt.hdt.compact.array.LongArrayTest" time="0.004"/>
  <testcase name="testGetNumberOfElements" classname="org.rdfhdt.hdt.compact.array.LongArrayTest" time="0.001"/>
  <testcase name="testLoadSave" classname="org.rdfhdt.hdt.compact.array.LongArrayTest" time="0.004"/>
  <testcase name="testGet" classname="org.rdfhdt.hdt.compact.array.LongArrayTest" time="0.007"/>
  <testcase name="testSet" classname="org.rdfhdt.hdt.compact.array.LongArrayTest" time="0.038"/>
  <testcase name="testArraysEqual" classname="org.rdfhdt.hdt.compact.array.LongArrayTest" time="0.002"/>
  <system-out><![CDATA[]]></system-out>
  <system-err><![CDATA[]]></system-err>
</testsuite>
