<?xml version="1.0" encoding="UTF-8"?>
<testsuite name="org.rdfhdt.hdt.compact.array.IntegerArrayTest" tests="12" skipped="0" failures="0" errors="0" timestamp="2017-03-24T07:53:39" hostname="ssb13006" time="1.161">
  <properties/>
  <testcase name="testGetNumberOfElements" classname="org.rdfhdt.hdt.compact.array.IntegerArrayTest" time="0.004"/>
  <testcase name="testLoadSave" classname="org.rdfhdt.hdt.compact.array.IntegerArrayTest" time="0.007"/>
  <testcase name="testGet" classname="org.rdfhdt.hdt.compact.array.IntegerArrayTest" time="0.001"/>
  <testcase name="testSet" classname="org.rdfhdt.hdt.compact.array.IntegerArrayTest" time="0.034"/>
  <testcase name="testGetNumberOfElements" classname="org.rdfhdt.hdt.compact.array.IntegerArrayTest" time="0.001"/>
  <testcase name="testLoadSave" classname="org.rdfhdt.hdt.compact.array.IntegerArrayTest" time="0.003"/>
  <testcase name="testGet" classname="org.rdfhdt.hdt.compact.array.IntegerArrayTest" time="0.002"/>
  <testcase name="testSet" classname="org.rdfhdt.hdt.compact.array.IntegerArrayTest" time="0.022"/>
  <testcase name="testGetNumberOfElements" classname="org.rdfhdt.hdt.compact.array.IntegerArrayTest" time="0.0"/>
  <testcase name="testLoadSave" classname="org.rdfhdt.hdt.compact.array.IntegerArrayTest" time="0.003"/>
  <testcase name="testGet" classname="org.rdfhdt.hdt.compact.array.IntegerArrayTest" time="0.001"/>
  <testcase name="testSet" classname="org.rdfhdt.hdt.compact.array.IntegerArrayTest" time="0.023"/>
  <system-out><![CDATA[]]></system-out>
  <system-err><![CDATA[]]></system-err>
</testsuite>
