<?xml version="1.0" encoding="UTF-8"?>
<testsuite name="org.rdfhdt.hdt.rdf.parsers.TarParserTest" tests="1" skipped="0" failures="0" errors="0" timestamp="2017-03-24T07:53:40" hostname="ssb13006" time="0.003">
  <properties/>
  <testcase name="test" classname="org.rdfhdt.hdt.rdf.parsers.TarParserTest" time="0.003"/>
  <system-out><![CDATA[]]></system-out>
  <system-err><![CDATA[]]></system-err>
</testsuite>
